<?xml version="1.0" encoding="UTF-8"?>
<!-- Generated by org.testng.reporters.JUnitReportReporter -->
<testsuite hostname="LAPTOP-FME0P63N" failures="0" tests="1" name="sikulix.SikulixDesktopWeb" time="5.098" errors="0" timestamp="2023-08-04T18:28:55 IST" skipped="0">
  <testcase classname="sikulix.SikulixDesktopWeb" name="f" time="5.098"/>
</testsuite> <!-- sikulix.SikulixDesktopWeb -->
