<?xml version="1.0" encoding="UTF-8"?>
<!-- Generated by org.testng.reporters.JUnitReportReporter -->
<testsuite hostname="LAPTOP-FME0P63N" failures="0" tests="1" name="sikulix.DesktopAutomation" time="10.491" errors="0" timestamp="2023-08-04T17:21:39 IST" skipped="0">
  <testcase classname="sikulix.DesktopAutomation" name="desktop" time="10.491"/>
</testsuite> <!-- sikulix.DesktopAutomation -->
