<?xml version="1.0" encoding="UTF-8"?>
<!-- Generated by org.testng.reporters.JUnitReportReporter -->
<testsuite hostname="LAPTOP-FME0P63N" failures="0" tests="6" name="testNG.TestNG_AlphabeticalOrder" time="20.873" errors="0" timestamp="2023-07-31T23:11:39 IST" skipped="0">
  <testcase classname="testNG.TestNG_AlphabeticalOrder" name="twitter" time="5.645"/>
  <testcase classname="testNG.TestNG_AlphabeticalOrder" name="facebook" time="1.581"/>
  <testcase classname="testNG.TestNG_AlphabeticalOrder" name="google" time="2.613"/>
  <testcase classname="testNG.TestNG_AlphabeticalOrder" name="selenium" time="3.337"/>
  <testcase classname="testNG.TestNG_AlphabeticalOrder" name="gmail" time="4.398"/>
  <testcase classname="testNG.TestNG_AlphabeticalOrder" name="zomato" time="3.299"/>
</testsuite> <!-- testNG.TestNG_AlphabeticalOrder -->
