<?xml version="1.0" encoding="UTF-8"?>
<!-- Generated by org.testng.reporters.JUnitReportReporter -->
<testsuite hostname="LAPTOP-FME0P63N" failures="0" tests="6" name="testNG.PriorityOrder" time="33.436" errors="0" timestamp="2023-07-27T19:39:45 IST" skipped="0">
  <testcase classname="testNG.PriorityOrder" name="zomato" time="10.386"/>
  <testcase classname="testNG.PriorityOrder" name="selenium" time="4.237"/>
  <testcase classname="testNG.PriorityOrder" name="twitter" time="7.751"/>
  <testcase classname="testNG.PriorityOrder" name="facebook" time="2.050"/>
  <testcase classname="testNG.PriorityOrder" name="gmail" time="4.793"/>
  <testcase classname="testNG.PriorityOrder" name="google" time="4.219"/>
</testsuite> <!-- testNG.PriorityOrder -->
