<?xml version="1.0" encoding="UTF-8"?>
<!-- Generated by org.testng.reporters.JUnitReportReporter -->
<testsuite hostname="LAPTOP-FME0P63N" failures="0" tests="1" name="screenshot.FullScreenshot" time="35.480" errors="0" timestamp="2023-08-09T09:29:06 IST" skipped="0">
  <testcase classname="screenshot.FullScreenshot" name="CompletePageScreenshot" time="35.480"/>
</testsuite> <!-- screenshot.FullScreenshot -->
