<?xml version="1.0" encoding="UTF-8"?>
<!-- Generated by org.testng.reporters.JUnitReportReporter -->
<testsuite hostname="LAPTOP-FME0P63N" failures="0" tests="3" name="alertpopups.AlertWindowHandles" time="14.749" errors="0" timestamp="2023-08-01T19:27:29 IST" skipped="2">
  <testcase classname="alertpopups.AlertWindowHandles" name="alertsendtextokbutton" time="14.749"/>
  <testcase classname="alertpopups.AlertWindowHandles" name="alertokbutton">
    <skipped/>
  </testcase> <!-- alertokbutton -->
  <testcase classname="alertpopups.AlertWindowHandles" name="alertcancelbutton">
    <skipped/>
  </testcase> <!-- alertcancelbutton -->
</testsuite> <!-- alertpopups.AlertWindowHandles -->
