<?xml version="1.0" encoding="UTF-8"?>
<!-- Generated by org.testng.reporters.JUnitReportReporter -->
<testsuite hostname="LAPTOP-FME0P63N" failures="0" tests="1" name="dataDriven.DataDriven" time="9.520" errors="0" timestamp="2023-08-21T08:37:54 IST" skipped="0">
  <testcase classname="dataDriven.DataDriven" name="ReadData" time="9.520"/>
</testsuite> <!-- dataDriven.DataDriven -->
