<?xml version="1.0" encoding="UTF-8"?>
<!-- Generated by org.testng.reporters.JUnitReportReporter -->
<testsuite hostname="LAPTOP-FME0P63N" failures="0" tests="6" name="testNG.Disabled" time="12.121" errors="0" timestamp="2023-07-31T16:23:46 IST" skipped="2">
  <testcase classname="testNG.Disabled" name="zomato" time="3.451"/>
  <testcase classname="testNG.Disabled" name="selenium" time="2.534"/>
  <testcase classname="testNG.Disabled" name="google" time="2.160"/>
  <testcase classname="testNG.Disabled" name="gmail" time="3.976"/>
  <testcase classname="testNG.Disabled" name="facebook">
    <skipped/>
  </testcase> <!-- facebook -->
  <testcase classname="testNG.Disabled" name="twitter">
    <skipped/>
  </testcase> <!-- twitter -->
</testsuite> <!-- testNG.Disabled -->
