<?xml version="1.0" encoding="UTF-8"?>
<!-- Generated by org.testng.reporters.JUnitReportReporter -->
<testsuite hostname="LAPTOP-FME0P63N" failures="0" tests="2" name="screenshot.TimeFormatScreenshot" time="13.801" errors="0" timestamp="2023-08-10T10:54:13 IST" skipped="0">
  <testcase classname="screenshot.TimeFormatScreenshot" name="TakeScreenshot" time="0.126"/>
  <testcase classname="screenshot.TimeFormatScreenshot" name="google" time="13.675"/>
</testsuite> <!-- screenshot.TimeFormatScreenshot -->
