<?xml version="1.0" encoding="UTF-8"?>
<!-- Generated by org.testng.reporters.JUnitReportReporter -->
<testsuite hostname="LAPTOP-FME0P63N" failures="0" tests="5" name="testNG.DescriptionFeature" time="2.047" errors="0" timestamp="2023-07-31T17:40:52 IST" skipped="1">
  <testcase classname="testNG.DescriptionFeature" name="RM_6" time="0.871"/>
  <testcase classname="testNG.DescriptionFeature" name="RM_9" time="0.206"/>
  <testcase classname="testNG.DescriptionFeature" name="RM_7" time="0.661"/>
  <testcase classname="testNG.DescriptionFeature" name="RM_8" time="0.309"/>
  <testcase classname="testNG.DescriptionFeature" name="RM_5">
    <skipped/>
  </testcase> <!-- RM_5 -->
</testsuite> <!-- testNG.DescriptionFeature -->
