<?xml version="1.0" encoding="UTF-8"?>
<!-- Generated by org.testng.reporters.JUnitReportReporter -->
<testsuite hostname="LAPTOP-FME0P63N" failures="0" tests="1" name="screenshot.SelectedLocator" time="10.278" errors="0" timestamp="2023-08-09T07:30:50 IST" skipped="0">
  <testcase classname="screenshot.SelectedLocator" name="TakeScreenshot" time="10.278"/>
</testsuite> <!-- screenshot.SelectedLocator -->
