<?xml version="1.0" encoding="UTF-8"?>
<!-- Generated by org.testng.reporters.JUnitReportReporter -->
<testsuite hostname="LAPTOP-FME0P63N" failures="0" tests="5" name="actionclass.ActionPrograms" time="10.425" errors="0" timestamp="2023-08-02T11:53:02 IST" skipped="4">
  <testcase classname="actionclass.ActionPrograms" name="draganddrop" time="10.425"/>
  <testcase classname="actionclass.ActionPrograms" name="doubledclickk">
    <skipped/>
  </testcase> <!-- doubledclickk -->
  <testcase classname="actionclass.ActionPrograms" name="Keyboardfunction">
    <skipped/>
  </testcase> <!-- Keyboardfunction -->
  <testcase classname="actionclass.ActionPrograms" name="rightclick">
    <skipped/>
  </testcase> <!-- rightclick -->
  <testcase classname="actionclass.ActionPrograms" name="mousehover">
    <skipped/>
  </testcase> <!-- mousehover -->
</testsuite> <!-- actionclass.ActionPrograms -->
