<?xml version="1.0" encoding="UTF-8"?>
<!-- Generated by org.testng.reporters.JUnitReportReporter -->
<testsuite hostname="LAPTOP-FME0P63N" failures="0" tests="4" name="testNG.GroupsTestCases" time="14.829" errors="0" timestamp="2023-08-01T16:22:32 IST" skipped="0">
  <testcase classname="testNG.GroupsTestCases" name="gmail" time="4.424"/>
  <testcase classname="testNG.GroupsTestCases" name="facebook" time="2.400"/>
  <testcase classname="testNG.GroupsTestCases" name="google" time="2.786"/>
  <testcase classname="testNG.GroupsTestCases" name="twitter" time="5.219"/>
</testsuite> <!-- testNG.GroupsTestCases -->
