<?xml version="1.0" encoding="UTF-8"?>
<!-- Generated by org.testng.reporters.JUnitReportReporter -->
<testsuite hostname="LAPTOP-FME0P63N" failures="0" tests="2" name="testNG.DependsOnMethods" time="2.867" errors="0" timestamp="2023-07-31T19:10:13 IST" skipped="0">
  <testcase classname="testNG.DependsOnMethods" name="method2" time="2.513"/>
  <testcase classname="testNG.DependsOnMethods" name="method1" time="0.354"/>
</testsuite> <!-- testNG.DependsOnMethods -->
