<?xml version="1.0" encoding="UTF-8"?>
<!-- Generated by org.testng.reporters.JUnitReportReporter -->
<testsuite hostname="LAPTOP-FME0P63N" failures="0" tests="8" name="testNG.TestNG_8_DataProvider" time="12.126" errors="0" timestamp="2023-08-10T14:54:40 IST" skipped="0">
  <testcase classname="testNG.TestNG_8_DataProvider" name="login" time="0.714"/>
  <testcase classname="testNG.TestNG_8_DataProvider" name="login" time="0.739"/>
  <testcase classname="testNG.TestNG_8_DataProvider" name="login" time="0.734"/>
  <testcase classname="testNG.TestNG_8_DataProvider" name="login" time="4.230"/>
  <testcase classname="testNG.TestNG_8_DataProvider" name="login" time="0.702"/>
  <testcase classname="testNG.TestNG_8_DataProvider" name="login" time="3.508"/>
  <testcase classname="testNG.TestNG_8_DataProvider" name="login" time="0.736"/>
  <testcase classname="testNG.TestNG_8_DataProvider" name="login" time="0.763"/>
</testsuite> <!-- testNG.TestNG_8_DataProvider -->
