<?xml version="1.0" encoding="UTF-8"?>
<!-- Generated by org.testng.reporters.JUnitReportReporter -->
<testsuite hostname="LAPTOP-FME0P63N" failures="0" tests="1" name="testNG.DropDownFeatures" time="15.562" errors="0" timestamp="2023-08-01T17:59:44 IST" skipped="0">
  <testcase classname="testNG.DropDownFeatures" name="selectdropdown" time="15.562"/>
</testsuite> <!-- testNG.DropDownFeatures -->
