<?xml version="1.0" encoding="UTF-8"?>
<!-- Generated by org.testng.reporters.JUnitReportReporter -->
<testsuite hostname="LAPTOP-FME0P63N" failures="0" tests="3" name="verifytabtitleurlwebtext.TabtitleUrlText" time="2.966" errors="0" timestamp="2023-08-02T14:48:17 IST" skipped="2">
  <testcase classname="verifytabtitleurlwebtext.TabtitleUrlText" name="verifytext" time="2.966"/>
  <testcase classname="verifytabtitleurlwebtext.TabtitleUrlText" name="verifytabtitle">
    <skipped/>
  </testcase> <!-- verifytabtitle -->
  <testcase classname="verifytabtitleurlwebtext.TabtitleUrlText" name="verifyurl">
    <skipped/>
  </testcase> <!-- verifyurl -->
</testsuite> <!-- verifytabtitleurlwebtext.TabtitleUrlText -->
