<?xml version="1.0" encoding="UTF-8"?>
<!-- Generated by org.testng.reporters.JUnitReportReporter -->
<testsuite hostname="LAPTOP-FME0P63N" failures="0" tests="6" name="testNG.EnabledFalse" time="18.013" errors="0" timestamp="2023-07-27T19:46:35 IST" skipped="2">
  <testcase classname="testNG.EnabledFalse" name="facebook" time="3.287"/>
  <testcase classname="testNG.EnabledFalse" name="zomato" time="4.774"/>
  <testcase classname="testNG.EnabledFalse" name="selenium" time="2.796"/>
  <testcase classname="testNG.EnabledFalse" name="twitter" time="7.156"/>
  <testcase classname="testNG.EnabledFalse" name="gmail">
    <skipped/>
  </testcase> <!-- gmail -->
  <testcase classname="testNG.EnabledFalse" name="google">
    <skipped/>
  </testcase> <!-- google -->
</testsuite> <!-- testNG.EnabledFalse -->
