<?xml version="1.0" encoding="UTF-8"?>
<!-- Generated by org.testng.reporters.JUnitReportReporter -->
<testsuite hostname="LAPTOP-FME0P63N" failures="0" tests="2" name="screenshot.BugScreenshot" time="13.910" errors="0" timestamp="2023-08-09T08:29:54 IST" skipped="0">
  <testcase classname="screenshot.BugScreenshot" name="GoogleSearch" time="13.796"/>
  <testcase classname="screenshot.BugScreenshot" name="errorScreenshot" time="0.114"/>
</testsuite> <!-- screenshot.BugScreenshot -->
