<?xml version="1.0" encoding="UTF-8"?>
<!-- Generated by org.testng.reporters.JUnitReportReporter -->
<testsuite hostname="LAPTOP-FME0P63N" failures="0" tests="1" name="log4j.Log4jDemo" time="49.983" errors="0" timestamp="2023-08-07T21:06:32 IST" skipped="0">
  <testcase classname="log4j.Log4jDemo" name="f" time="49.983"/>
</testsuite> <!-- log4j.Log4jDemo -->
