<?xml version="1.0" encoding="UTF-8"?>
<!-- Generated by org.testng.reporters.JUnitReportReporter -->
<testsuite hostname="LAPTOP-FME0P63N" failures="0" tests="9" name="testNG.TestNG_9_CrossBrowserTesting" time="126.031" errors="0" timestamp="2023-08-15T19:31:46 IST" skipped="0">
  <testcase classname="testNG.TestNG_9_CrossBrowserTesting" name="sandhya" time="7.925"/>
  <testcase classname="testNG.TestNG_9_CrossBrowserTesting" name="jaalaja" time="14.449"/>
  <testcase classname="testNG.TestNG_9_CrossBrowserTesting" name="jaalaja" time="25.864"/>
  <testcase classname="testNG.TestNG_9_CrossBrowserTesting" name="sandhya" time="21.195"/>
  <testcase classname="testNG.TestNG_9_CrossBrowserTesting" name="hema" time="10.597"/>
  <testcase classname="testNG.TestNG_9_CrossBrowserTesting" name="sandhya" time="13.812"/>
  <testcase classname="testNG.TestNG_9_CrossBrowserTesting" name="hema" time="13.938"/>
  <testcase classname="testNG.TestNG_9_CrossBrowserTesting" name="hema" time="10.253"/>
  <testcase classname="testNG.TestNG_9_CrossBrowserTesting" name="jaalaja" time="7.998"/>
</testsuite> <!-- testNG.TestNG_9_CrossBrowserTesting -->
